{"/Users/nrdlab/Project/personal/fp-army-knife/src/jwt.ts": {"path":"/Users/nrdlab/Project/personal/fp-army-knife/src/jwt.ts","statementMap":{"0":{"start":{"line":1,"column":0},"end":{"line":1,"column":43}},"1":{"start":{"line":2,"column":0},"end":{"line":2,"column":35}},"2":{"start":{"line":3,"column":0},"end":{"line":3,"column":33}},"3":{"start":{"line":4,"column":0},"end":{"line":4,"column":32}},"4":{"start":{"line":5,"column":0},"end":{"line":5,"column":31}},"5":{"start":{"line":7,"column":13},"end":{"line":10,"column":null}},"6":{"start":{"line":13,"column":20},"end":{"line":13,"column":76}},"7":{"start":{"line":13,"column":75},"end":{"line":13,"column":null}},"8":{"start":{"line":15,"column":29},"end":{"line":15,"column":67}},"9":{"start":{"line":15,"column":61},"end":{"line":15,"column":null}},"10":{"start":{"line":17,"column":19},"end":{"line":17,"column":60}},"11":{"start":{"line":17,"column":59},"end":{"line":17,"column":null}},"12":{"start":{"line":19,"column":26},"end":{"line":20,"column":3}},"13":{"start":{"line":20,"column":2},"end":{"line":20,"column":null}},"14":{"start":{"line":20,"column":21},"end":{"line":20,"column":56}},"15":{"start":{"line":22,"column":28},"end":{"line":22,"column":52}},"16":{"start":{"line":22,"column":51},"end":{"line":22,"column":null}},"17":{"start":{"line":23,"column":35},"end":{"line":23,"column":59}},"18":{"start":{"line":23,"column":58},"end":{"line":23,"column":null}},"19":{"start":{"line":35,"column":98},"end":{"line":36,"column":6}},"20":{"start":{"line":35,"column":106},"end":{"line":35,"column":108}},"21":{"start":{"line":36,"column":2},"end":{"line":44,"column":null}},"22":{"start":{"line":46,"column":68},"end":{"line":47,"column":6}},"23":{"start":{"line":46,"column":76},"end":{"line":46,"column":78}},"24":{"start":{"line":47,"column":2},"end":{"line":51,"column":null}},"25":{"start":{"line":50,"column":21},"end":{"line":50,"column":62}},"26":{"start":{"line":53,"column":13},"end":{"line":56,"column":null}}},"fnMap":{"0":{"name":"(anonymous_6)","decl":{"start":{"line":13,"column":20},"end":{"line":13,"column":21}},"loc":{"start":{"line":13,"column":30},"end":{"line":13,"column":76}}},"1":{"name":"(anonymous_7)","decl":{"start":{"line":15,"column":29},"end":{"line":15,"column":30}},"loc":{"start":{"line":15,"column":48},"end":{"line":15,"column":67}}},"2":{"name":"(anonymous_8)","decl":{"start":{"line":17,"column":19},"end":{"line":17,"column":20}},"loc":{"start":{"line":17,"column":29},"end":{"line":17,"column":60}}},"3":{"name":"(anonymous_9)","decl":{"start":{"line":19,"column":26},"end":{"line":19,"column":30}},"loc":{"start":{"line":19,"column":50},"end":{"line":20,"column":3}}},"4":{"name":"(anonymous_10)","decl":{"start":{"line":20,"column":15},"end":{"line":20,"column":21}},"loc":{"start":{"line":20,"column":15},"end":{"line":20,"column":25}}},"5":{"name":"(anonymous_11)","decl":{"start":{"line":22,"column":28},"end":{"line":22,"column":29}},"loc":{"start":{"line":22,"column":38},"end":{"line":22,"column":52}}},"6":{"name":"(anonymous_12)","decl":{"start":{"line":23,"column":35},"end":{"line":23,"column":36}},"loc":{"start":{"line":23,"column":45},"end":{"line":23,"column":59}}},"7":{"name":"(anonymous_13)","decl":{"start":{"line":35,"column":98},"end":{"line":35,"column":99}},"loc":{"start":{"line":35,"column":108},"end":{"line":36,"column":6}}},"8":{"name":"(anonymous_14)","decl":{"start":{"line":46,"column":68},"end":{"line":46,"column":69}},"loc":{"start":{"line":46,"column":78},"end":{"line":47,"column":6}}},"9":{"name":"(anonymous_15)","decl":{"start":{"line":50,"column":10},"end":{"line":50,"column":11}},"loc":{"start":{"line":50,"column":16},"end":{"line":50,"column":24}}}},"branchMap":{},"s":{"0":1,"1":1,"2":1,"3":1,"4":1,"5":1,"6":1,"7":3,"8":1,"9":2,"10":1,"11":2,"12":1,"13":3,"14":1,"15":1,"16":2,"17":1,"18":2,"19":1,"20":3,"21":3,"22":1,"23":1,"24":1,"25":1,"26":1},"f":{"0":3,"1":2,"2":2,"3":3,"4":1,"5":2,"6":2,"7":3,"8":1,"9":1},"b":{}}
}
