{"/Users/stefano/Project/personal/fp-army-knife/src/jwt.ts": {"path":"/Users/stefano/Project/personal/fp-army-knife/src/jwt.ts","statementMap":{"0":{"start":{"line":7,"column":0},"end":{"line":7,"column":43}},"1":{"start":{"line":8,"column":0},"end":{"line":8,"column":35}},"2":{"start":{"line":9,"column":0},"end":{"line":9,"column":33}},"3":{"start":{"line":10,"column":0},"end":{"line":10,"column":32}},"4":{"start":{"line":11,"column":0},"end":{"line":11,"column":31}},"5":{"start":{"line":12,"column":0},"end":{"line":12,"column":33}},"6":{"start":{"line":33,"column":13},"end":{"line":36,"column":null}},"7":{"start":{"line":43,"column":20},"end":{"line":43,"column":76}},"8":{"start":{"line":43,"column":75},"end":{"line":43,"column":null}},"9":{"start":{"line":45,"column":29},"end":{"line":45,"column":67}},"10":{"start":{"line":45,"column":61},"end":{"line":45,"column":null}},"11":{"start":{"line":47,"column":19},"end":{"line":47,"column":60}},"12":{"start":{"line":47,"column":59},"end":{"line":47,"column":null}},"13":{"start":{"line":49,"column":26},"end":{"line":50,"column":3}},"14":{"start":{"line":50,"column":2},"end":{"line":50,"column":null}},"15":{"start":{"line":50,"column":21},"end":{"line":50,"column":56}},"16":{"start":{"line":52,"column":28},"end":{"line":52,"column":52}},"17":{"start":{"line":52,"column":51},"end":{"line":52,"column":null}},"18":{"start":{"line":53,"column":35},"end":{"line":53,"column":59}},"19":{"start":{"line":53,"column":58},"end":{"line":53,"column":null}},"20":{"start":{"line":60,"column":102},"end":{"line":61,"column":6}},"21":{"start":{"line":60,"column":110},"end":{"line":60,"column":112}},"22":{"start":{"line":61,"column":2},"end":{"line":69,"column":null}},"23":{"start":{"line":71,"column":13},"end":{"line":76,"column":6}},"24":{"start":{"line":76,"column":2},"end":{"line":80,"column":null}},"25":{"start":{"line":78,"column":23},"end":{"line":78,"column":70}},"26":{"start":{"line":79,"column":22},"end":{"line":79,"column":60}},"27":{"start":{"line":89,"column":55},"end":{"line":90,"column":6}},"28":{"start":{"line":89,"column":63},"end":{"line":89,"column":65}},"29":{"start":{"line":89,"column":83},"end":{"line":89,"column":85}},"30":{"start":{"line":89,"column":92},"end":{"line":89,"column":94}},"31":{"start":{"line":90,"column":2},"end":{"line":94,"column":null}},"32":{"start":{"line":93,"column":17},"end":{"line":93,"column":54}},"33":{"start":{"line":99,"column":13},"end":{"line":102,"column":null}}},"fnMap":{"0":{"name":"(anonymous_6)","decl":{"start":{"line":43,"column":20},"end":{"line":43,"column":21}},"loc":{"start":{"line":43,"column":30},"end":{"line":43,"column":76}}},"1":{"name":"(anonymous_7)","decl":{"start":{"line":45,"column":29},"end":{"line":45,"column":30}},"loc":{"start":{"line":45,"column":48},"end":{"line":45,"column":67}}},"2":{"name":"(anonymous_8)","decl":{"start":{"line":47,"column":19},"end":{"line":47,"column":20}},"loc":{"start":{"line":47,"column":29},"end":{"line":47,"column":60}}},"3":{"name":"(anonymous_9)","decl":{"start":{"line":49,"column":26},"end":{"line":49,"column":30}},"loc":{"start":{"line":49,"column":50},"end":{"line":50,"column":3}}},"4":{"name":"(anonymous_10)","decl":{"start":{"line":50,"column":15},"end":{"line":50,"column":21}},"loc":{"start":{"line":50,"column":15},"end":{"line":50,"column":25}}},"5":{"name":"(anonymous_11)","decl":{"start":{"line":52,"column":28},"end":{"line":52,"column":29}},"loc":{"start":{"line":52,"column":38},"end":{"line":52,"column":52}}},"6":{"name":"(anonymous_12)","decl":{"start":{"line":53,"column":35},"end":{"line":53,"column":36}},"loc":{"start":{"line":53,"column":45},"end":{"line":53,"column":59}}},"7":{"name":"(anonymous_13)","decl":{"start":{"line":60,"column":102},"end":{"line":60,"column":103}},"loc":{"start":{"line":60,"column":112},"end":{"line":61,"column":6}}},"8":{"name":"(anonymous_14)","decl":{"start":{"line":71,"column":13},"end":{"line":71,"column":null}},"loc":{"start":{"line":74,"column":41},"end":{"line":76,"column":6}}},"9":{"name":"(anonymous_15)","decl":{"start":{"line":78,"column":10},"end":{"line":78,"column":11}},"loc":{"start":{"line":78,"column":18},"end":{"line":78,"column":26}}},"10":{"name":"(anonymous_16)","decl":{"start":{"line":79,"column":16},"end":{"line":79,"column":22}},"loc":{"start":{"line":79,"column":16},"end":{"line":79,"column":25}}},"11":{"name":"(anonymous_17)","decl":{"start":{"line":89,"column":55},"end":{"line":89,"column":56}},"loc":{"start":{"line":89,"column":94},"end":{"line":90,"column":6}}},"12":{"name":"(anonymous_18)","decl":{"start":{"line":93,"column":10},"end":{"line":93,"column":11}},"loc":{"start":{"line":93,"column":12},"end":{"line":93,"column":21}}}},"branchMap":{},"s":{"0":1,"1":1,"2":1,"3":1,"4":1,"5":1,"6":1,"7":1,"8":4,"9":1,"10":3,"11":1,"12":3,"13":1,"14":4,"15":1,"16":1,"17":3,"18":1,"19":3,"20":1,"21":4,"22":4,"23":1,"24":2,"25":1,"26":1,"27":1,"28":2,"29":2,"30":2,"31":2,"32":2,"33":1},"f":{"0":4,"1":3,"2":3,"3":4,"4":1,"5":3,"6":3,"7":4,"8":2,"9":1,"10":1,"11":2,"12":2},"b":{}}
}
