TN:
SF:src/jwt.ts
FN:40,(anonymous_6)
FN:42,(anonymous_7)
FN:44,(anonymous_8)
FN:46,(anonymous_9)
FN:47,(anonymous_10)
FN:49,(anonymous_11)
FN:50,(anonymous_12)
FN:55,(anonymous_13)
FN:66,(anonymous_14)
FN:73,(anonymous_15)
FN:74,(anonymous_16)
FN:82,(anonymous_17)
FN:86,(anonymous_18)
FNF:13
FNH:13
FNDA:4,(anonymous_6)
FNDA:3,(anonymous_7)
FNDA:3,(anonymous_8)
FNDA:4,(anonymous_9)
FNDA:1,(anonymous_10)
FNDA:3,(anonymous_11)
FNDA:3,(anonymous_12)
FNDA:4,(anonymous_13)
FNDA:2,(anonymous_14)
FNDA:1,(anonymous_15)
FNDA:1,(anonymous_16)
FNDA:2,(anonymous_17)
FNDA:2,(anonymous_18)
DA:4,1
DA:5,1
DA:6,1
DA:7,1
DA:8,1
DA:9,1
DA:30,1
DA:40,4
DA:42,3
DA:44,3
DA:46,1
DA:47,4
DA:49,3
DA:50,3
DA:55,4
DA:56,4
DA:66,1
DA:71,2
DA:73,1
DA:74,1
DA:82,2
DA:83,2
DA:86,2
DA:92,1
LF:24
LH:24
BRF:0
BRH:0
end_of_record
