TN:
SF:src/jwt.ts
FN:13,(anonymous_6)
FN:15,(anonymous_7)
FN:17,(anonymous_8)
FN:19,(anonymous_9)
FN:20,(anonymous_10)
FN:22,(anonymous_11)
FN:23,(anonymous_12)
FN:25,(anonymous_13)
FN:36,(anonymous_14)
FN:40,(anonymous_15)
FNF:10
FNH:10
FNDA:3,(anonymous_6)
FNDA:2,(anonymous_7)
FNDA:2,(anonymous_8)
FNDA:3,(anonymous_9)
FNDA:1,(anonymous_10)
FNDA:2,(anonymous_11)
FNDA:2,(anonymous_12)
FNDA:3,(anonymous_13)
FNDA:1,(anonymous_14)
FNDA:1,(anonymous_15)
DA:1,1
DA:2,1
DA:3,1
DA:4,1
DA:5,1
DA:7,1
DA:13,3
DA:15,2
DA:17,2
DA:19,1
DA:20,3
DA:22,2
DA:23,2
DA:25,1
DA:26,3
DA:36,1
DA:37,1
DA:40,1
DA:42,1
LF:19
LH:19
BRF:0
BRH:0
end_of_record
